{"timestamp":1609838642546,"frame":{"type":"loginres","userid":"0","roomgroup":"0","pg":"0","sessionid":"0","username":"","nickname":"","live_stat":"0","is_illegal":"0","ill_ct":"","ill_ts":"0","now":"0","ps":"0","es":"0","it":"0","its":"0","npv":"0","best_dlev":"0","cur_lev":"0","nrc":"2703299344","ih":"0","sid":"76541","sahf":"0","sceneid":"0","newrg":"0","regts":"0","ip":"111.60.13.123"}}
{"timestamp":1609838642547,"frame":{"type":"pingreq","tick":"1609838644095"}}
{"timestamp":1609838657874,"frame":{"type":"dgb","rid":"5422871","gfid":"20000","gs":"0","uid":"18072171","nn":"魔方直播","ic":"avatar/018/07/21/71_avatar","eid":"0","eic":"0","level":"14","dw":"0","gfcnt":"1","hits":"1","bcnt":"1","bst":"2","ct":"0","el":"","cm":"0","bnn":"","bl":"0","brid":"0","hc":"","sahf":"0","fc":"0","bnid":"1","bnl":"1","receive_uid":"211027425","receive_nn":"蜗牛看西游","from":"1","pfm":"13010","pma":"26602885","mss":"26602933"}}
{"timestamp":1609838662561,"frame":{"type":"synexp","o_exp":"507300","o_lev":"7","o_minexp":"385000","o_upexp":"52700","rid":"5422871"}}
{"timestamp":1609838663559,"frame":{"rid":"-1","sc":"1294180","sctn":"0","type":"qausrespond"}}
{"timestamp":1609838686222,"frame":{"type":"ranklist","rid":"5422871","gid":"0","list":[{"21":"","uid":"18072171","crk":"1","lrk":"32767","rs":"1","nickname":"魔方直播","gold":"300","level":"14","icon":"avatar","018":"","07":"","71_avatar":"","pg":"1","rg":"1","ne":"0","ih":"0","sahf":"0","newrg":"0"}],"list_all":[{"21":"","uid":"18072171","crk":"1","lrk":"32767","rs":"1","nickname":"魔方直播","gold":"300","level":"14","icon":"avatar","018":"","07":"","71_avatar":"","pg":"1","rg":"1","ne":"0","ih":"0","sahf":"0","newrg":"0"},{"201909":"","uid":"109869024","crk":"2","lrk":"1","rs":"-1","nickname":"水银也是水","gold":"100","level":"28","icon":"avatar_v3","b9c38c59298b4672a58985062d779bc6":"","pg":"1","rg":"1","ne":"0","ih":"0","sahf":"0","newrg":"0"}],"list_day":[{"21":"","uid":"18072171","crk":"1","lrk":"32767","rs":"1","nickname":"魔方直播","gold":"300","level":"14","icon":"avatar","018":"","07":"","71_avatar":"","pg":"1","rg":"1","ne":"0","ih":"0","sahf":"0","newrg":"0"}]}}
{"timestamp":1609838687521,"frame":{"type":"mrkl"}}
{"timestamp":1609838721105,"frame":{"type":"anbc","rid":"0","gid":"0","bt":"1","uid":"392750672","hrp":"1","unk":"我寄人间雪满頭","uic":"avatar_v3/202012/e79a657d979842ceb04340479e23ae61","drid":"7535478","donk":"王奕萱xxx","nl":"3","ts":"1609838722","fov":"1"}}
{"timestamp":1609838732562,"frame":{"type":"mrkl"}}
{"timestamp":1609838742535,"frame":{"type":"uenter","rid":"5422871","uid":"111138638","nn":"抬头就是宇宙","level":"5","ic":"avatar_v3/201904/2b42829cae2b4edf8c51c94144a75c56","rni":"0","el":"","sahf":"0","wgei":"0"}}
{"timestamp":1609838763145,"frame":{"type":"plb_rvo","vs":[{"isv":"0","hvid":"yVmjvBN6gpzvqkNb","vid":"17740024","vt":"西游中唯一由妖怪修炼的法宝，为","vr":"170","io":"0","ilo":"0"},{"vid":"17740044","vt":"猪八戒也有一个厉害的法宝，为何","vr":"171","io":"0","ilo":"0","isv":"0","hvid":"DrwnvzmQDgOWPNaX"},{"hvid":"6Aw87Om4Q8xWYGkg","vid":"17740048","vt":"连如来都不敢见面的妖精，为何却","vr":"172","io":"1","ilo":"0","isv":"0"},{"vid":"17740049","vt":"为什么花果山其它猴子学不会七十","vr":"173","io":"0","ilo":"0","isv":"0","hvid":"ZB5Kv9Q6gYZva93x"},{"vid":"17740054","vt":"神仙下界为何也要吃人？原来他们","vr":"174","io":"0","ilo":"0","isv":"0","hvid":"yVY8Wwj2DDAMLOz9"},{"hvid":"ERALvEK6qqjM1Vw0","vid":"17740065","vt":"孙悟空最顾忌的神仙是谁？他的兵","vr":"175","io":"0","ilo":"0","isv":"0"}],"pl":{"hvid":"6Aw87Om4Q8xWYGkg","vid":"17740048","sc":"0","ilo":"0","vus":"","vt":"连如来都不敢见面的妖精，为何却","vr":"172","io":"1","isv":"0","lot":"连如来都不敢见面的妖精，为何却被这件法宝打败了？"}}}
{"timestamp":1609838768496,"frame":{"type":"noble_num_info","sum":"0","vn":"6","rid":"5422871","list":""}}
{"timestamp":1609838770733,"frame":{"type":"uenter","rid":"5422871","uid":"239978487","nn":"改名走好运66666","level":"10","ic":"avatar_v3/201811/99adc0d4c51237bb5610cd4afbbeef4c","rni":"0","el":"","sahf":"0","wgei":"0"}}
{"timestamp":1609838777573,"frame":{"type":"mrkl"}}
{"timestamp":1609838778559,"frame":{"type":"noble_num_info","sum":"0","vn":"5","rid":"5422871","list":""}}
{"timestamp":1609838787269,"frame":{"type":"uenter","rid":"5422871","uid":"44680834","nn":"我来舔屏了","level":"5","ic":"avatar/default/08","rni":"0","el":"","sahf":"0","wgei":"0"}}
{"timestamp":1609838799202,"frame":{"rid":"-1","sc":"1314180","sctn":"0","type":"qausrespond"}}
{"timestamp":1609838822575,"frame":{"type":"mrkl"}}
{"timestamp":1609838867593,"frame":{"type":"mrkl"}}
{"timestamp":1609838877034,"frame":{"type":"uenter","rid":"5422871","uid":"220038306","nn":"中奖感言谢谢主播","level":"22","ic":"avatar_v3/201912/a4911829e4cd449a91157556db2846ce","rni":"0","el":"","sahf":"0","wgei":"0"}}
{"timestamp":1609838879260,"frame":{"type":"noble_num_info","sum":"0","vn":"6","rid":"5422871","list":""}}
{"timestamp":1609838888790,"frame":{"type":"uenter","rid":"5422871","uid":"6237051","nn":"1589819268","level":"15","ic":"avatar_v3/201812/87a2c7324dd16fa5e46b29b26c17deea","rni":"0","el":"","sahf":"0","wgei":"0"}}
{"timestamp":1609838889153,"frame":{"type":"noble_num_info","sum":"0","vn":"8","rid":"5422871","list":""}}
{"timestamp":1609838889556,"frame":{"type":"uenter","rid":"5422871","uid":"172303022","nn":"瓦撒谜","level":"7","ic":"avanew/face/201803/10/02/9d0880310a45c14ec696f3c5b040edaf","rni":"0","el":"","sahf":"0","wgei":"0"}}
{"timestamp":1609838899189,"frame":{"type":"noble_num_info","sum":"0","vn":"7","rid":"5422871","list":""}}
{"timestamp":1609838909206,"frame":{"type":"noble_num_info","sum":"0","vn":"6","rid":"5422871","list":""}}
{"timestamp":1609838912653,"frame":{"type":"mrkl"}}
{"timestamp":1609838919644,"frame":{"rid":"-1","sc":"1314180","sctn":"0","type":"qausrespond"}}
{"timestamp":1609838942610,"frame":{"pl":{"ilo":"0","isv":"0","vt":"为什么花果山其它猴子学不会七十","vr":"173","io":"1","sc":"0","lot":"为什么花果山其它猴子学不会七十二变？原来比孙悟空少一样东西？","vus":"","hvid":"ZB5Kv9Q6gYZva93x","vid":"17740049"},"type":"plb_rvo","vs":[{"isv":"0","hvid":"DrwnvzmQDgOWPNaX","vid":"17740044","vt":"猪八戒也有一个厉害的法宝，为何","vr":"171","io":"0","ilo":"0"},{"isv":"0","hvid":"6Aw87Om4Q8xWYGkg","vid":"17740048","vt":"连如来都不敢见面的妖精，为何却","vr":"172","io":"0","ilo":"0"},{"vr":"173","io":"1","ilo":"0","isv":"0","hvid":"ZB5Kv9Q6gYZva93x","vid":"17740049","vt":"为什么花果山其它猴子学不会七十"},{"io":"0","ilo":"0","isv":"0","hvid":"yVY8Wwj2DDAMLOz9","vid":"17740054","vt":"神仙下界为何也要吃人？原来他们","vr":"174"},{"io":"0","ilo":"0","isv":"0","hvid":"ERALvEK6qqjM1Vw0","vid":"17740065","vt":"孙悟空最顾忌的神仙是谁？他的兵","vr":"175"},{"isv":"0","hvid":"2Bj8vGX633y7Obnd","vid":"17740083","vt":"为何除了如来，只有谛听才能识别","vr":"176","io":"0","ilo":"0"}]}}
{"timestamp":1609838957595,"frame":{"type":"mrkl"}}
{"timestamp":1609838965233,"frame":{"type":"uenter","rid":"5422871","uid":"64235505","nn":"斜着飞","level":"8","ic":"avatar/face/201608/16/8841e4557c845b46b326a9a59f2aca83","rni":"0","el":"","sahf":"0","wgei":"0"}}
{"timestamp":1609838969539,"frame":{"type":"noble_num_info","sum":"0","vn":"7","rid":"5422871","list":""}}
{"timestamp":1609838975537,"frame":{"type":"uenter","rid":"5422871","uid":"86692138","nn":"抖动啊三等奖","level":"3","ic":"avanew/face/201611/19/00/a9abcd9717ec8c0e04b1b6cca452c7d5","rni":"0","el":"","sahf":"0","wgei":"0"}}
{"timestamp":1609838979585,"frame":{"type":"noble_num_info","sum":"0","vn":"8","rid":"5422871","list":""}}
{"timestamp":1609838989698,"frame":{"type":"noble_num_info","sum":"0","vn":"7","rid":"5422871","list":""}}
{"timestamp":1609839002584,"frame":{"type":"mrkl"}}
{"timestamp":1609839029894,"frame":{"type":"noble_num_info","sum":"0","vn":"6","rid":"5422871","list":""}}
{"timestamp":1609839047616,"frame":{"type":"mrkl"}}
{"timestamp":1609839055223,"frame":{"rid":"-1","sc":"1314180","sctn":"0","type":"qausrespond"}}
{"timestamp":1609839074637,"frame":{"type":"loginres","userid":"0","roomgroup":"0","pg":"0","sessionid":"0","username":"","nickname":"","live_stat":"0","is_illegal":"0","ill_ct":"","ill_ts":"0","now":"0","ps":"0","es":"0","it":"0","its":"0","npv":"0","best_dlev":"0","cur_lev":"0","nrc":"1727056864","ih":"0","sid":"76545","sahf":"0","sceneid":"0","newrg":"0","regts":"0","ip":"111.60.13.123"}}
{"timestamp":1609839074637,"frame":{"type":"pingreq","tick":"1609839076269"}}
{"timestamp":1609839089573,"frame":{"type":"dgb","rid":"5422871","gfid":"20000","gs":"0","uid":"18072171","nn":"魔方直播","ic":"avatar/018/07/21/71_avatar","eid":"0","eic":"0","level":"14","dw":"0","gfcnt":"1","hits":"1","bcnt":"1","bst":"2","ct":"0","el":"","cm":"0","bnn":"","bl":"0","brid":"0","hc":"","sahf":"0","fc":"0","bnid":"1","bnl":"1","receive_uid":"211027425","receive_nn":"蜗牛看西游","from":"1","pfm":"3200","pma":"23532007","mss":"23532002"}}
{"timestamp":1609839092508,"frame":{"type":"synexp","o_exp":"507400","o_lev":"7","o_minexp":"385000","o_upexp":"52600","rid":"5422871"}}
{"timestamp":1609839100373,"frame":{"rid":"-1","sc":"1314080","sctn":"0","type":"qausrespond"}}
{"timestamp":1609839102324,"frame":{"type":"plb_rvo","vs":[{"ilo":"0","isv":"0","hvid":"6Aw87Om4Q8xWYGkg","vid":"17740048","vt":"连如来都不敢见面的妖精，为何却","vr":"172","io":"0"},{"isv":"0","hvid":"ZB5Kv9Q6gYZva93x","vid":"17740049","vt":"为什么花果山其它猴子学不会七十","vr":"173","io":"0","ilo":"0"},{"vid":"17740054","vt":"神仙下界为何也要吃人？原来他们","vr":"174","io":"1","ilo":"0","isv":"0","hvid":"yVY8Wwj2DDAMLOz9"},{"vt":"孙悟空最顾忌的神仙是谁？他的兵","vr":"175","io":"0","ilo":"0","isv":"0","hvid":"ERALvEK6qqjM1Vw0","vid":"17740065"},{"vid":"17740083","vt":"为何除了如来，只有谛听才能识别","vr":"176","io":"0","ilo":"0","isv":"0","hvid":"2Bj8vGX633y7Obnd"},{"hvid":"brN0Mm29QQkWpyxA","vid":"17740087","vt":"妖族祖先是谁？如来不敢惹，太上","vr":"177","io":"0","ilo":"0","isv":"0"}],"pl":{"ilo":"0","lot":"神仙下界为何也要吃人？原来他们有一样东西必须要靠吃人来补！","vid":"17740054","vt":"神仙下界为何也要吃人？原来他们","io":"1","sc":"0","hvid":"yVY8Wwj2DDAMLOz9","vr":"174","isv":"0","vus":""}}}
{"timestamp":1609839109504,"frame":{"type":"uenter","rid":"5422871","uid":"210934389","nn":"戦场原荡漾","level":"23","ic":"avatar_v3/201810/8444a68d2047e99bd0ed73d1532ee0b1","rni":"0","el":"","sahf":"0","wgei":"0"}}
{"timestamp":1609839119740,"frame":{"type":"mrkl"}}
{"timestamp":1609839144759,"frame":{"type":"dgb","rid":"5422871","gfid":"20000","gs":"0","uid":"18072171","nn":"魔方直播","ic":"avatar/018/07/21/71_avatar","eid":"0","eic":"0","level":"14","dw":"0","gfcnt":"1","hits":"1","bcnt":"1","bst":"2","ct":"0","el":"","cm":"0","bnn":"","bl":"0","brid":"0","hc":"","sahf":"0","fc":"0","bnid":"1","bnl":"1","receive_uid":"211027425","receive_nn":"蜗牛看西游","from":"1","pfm":"30820","pma":"17859461","mss":"17859174"}}
{"timestamp":1609839147532,"frame":{"type":"synexp","o_exp":"507500","o_lev":"7","o_minexp":"385000","o_upexp":"52500","rid":"5422871"}}
{"timestamp":1609839160564,"frame":{"rid":"-1","sc":"1313980","sctn":"0","type":"qausrespond"}}
{"timestamp":1609839164672,"frame":{"type":"mrkl"}}
{"timestamp":1609839168006,"frame":{"type":"ranklist","rid":"5422871","gid":"0","list":[{"21":"","uid":"18072171","crk":"1","lrk":"32767","rs":"1","nickname":"魔方直播","gold":"500","level":"14","icon":"avatar","018":"","07":"","71_avatar":"","pg":"1","rg":"1","ne":"0","ih":"0","sahf":"0","newrg":"0"}],"list_all":[{"21":"","uid":"18072171","crk":"1","lrk":"32767","rs":"1","nickname":"魔方直播","gold":"500","level":"14","icon":"avatar","018":"","07":"","71_avatar":"","pg":"1","rg":"1","ne":"0","ih":"0","sahf":"0","newrg":"0"},{"201909":"","uid":"109869024","crk":"2","lrk":"1","rs":"-1","nickname":"水银也是水","gold":"100","level":"28","icon":"avatar_v3","b9c38c59298b4672a58985062d779bc6":"","pg":"1","rg":"1","ne":"0","ih":"0","sahf":"0","newrg":"0"}],"list_day":[{"21":"","uid":"18072171","crk":"1","lrk":"32767","rs":"1","nickname":"魔方直播","gold":"500","level":"14","icon":"avatar","018":"","07":"","71_avatar":"","pg":"1","rg":"1","ne":"0","ih":"0","sahf":"0","newrg":"0"}]}}
{"timestamp":1609839168006,"frame":{"type":"uenter","rid":"5422871","uid":"86260933","nn":"老金叔","level":"4","ic":"avatar/default/05","rni":"0","el":"","sahf":"0","wgei":"0"}}
{"timestamp":1609839168735,"frame":{"type":"uenter","rid":"5422871","uid":"25559588","nn":"2291796111","level":"5","ic":"avatar/default/03","rni":"0","el":"","sahf":"0","wgei":"0"}}
{"timestamp":1609839209926,"frame":{"type":"mrkl"}}
{"timestamp":1609839212102,"frame":{"type":"dgb","rid":"5422871","gfid":"20000","gs":"0","uid":"18072171","nn":"魔方直播","ic":"avatar/018/07/21/71_avatar","eid":"0","eic":"0","level":"14","dw":"0","gfcnt":"1","hits":"1","bcnt":"1","bst":"2","ct":"0","el":"","cm":"0","bnn":"","bl":"0","brid":"0","hc":"","sahf":"0","fc":"0","bnid":"1","bnl":"1","receive_uid":"211027425","receive_nn":"蜗牛看西游","from":"1","pfm":"9990","pma":"23687180","mss":"23687251"}}
{"timestamp":1609839212583,"frame":{"type":"synexp","o_exp":"507600","o_lev":"7","o_minexp":"385000","o_upexp":"52400","rid":"5422871"}}
{"timestamp":1609839217721,"frame":{"type":"uenter","rid":"5422871","uid":"146258713","nn":"etetretretr","level":"3","ic":"avanew/face/201706/27/08/94d6a718db475f4d13ec1ab6683b6536","rni":"0","el":"","sahf":"0","wgei":"0"}}
{"timestamp":1609839220898,"frame":{"rid":"-1","sc":"1313880","sctn":"0","type":"qausrespond"}}
{"timestamp":1609839238154,"frame":{"vs":[{"hvid":"ZB5Kv9Q6gYZva93x","vid":"17740049","vt":"为什么花果山其它猴子学不会七十","vr":"173","io":"0","ilo":"0","isv":"0"},{"io":"0","ilo":"0","isv":"0","hvid":"yVY8Wwj2DDAMLOz9","vid":"17740054","vt":"神仙下界为何也要吃人？原来他们","vr":"174"},{"ilo":"0","isv":"0","hvid":"ERALvEK6qqjM1Vw0","vid":"17740065","vt":"孙悟空最顾忌的神仙是谁？他的兵","vr":"175","io":"1"},{"vt":"为何除了如来，只有谛听才能识别","vr":"176","io":"0","ilo":"0","isv":"0","hvid":"2Bj8vGX633y7Obnd","vid":"17740083"},{"vt":"妖族祖先是谁？如来不敢惹，太上","vr":"177","io":"0","ilo":"0","isv":"0","hvid":"brN0Mm29QQkWpyxA","vid":"17740087"},{"io":"0","ilo":"0","isv":"0","hvid":"DrwnvzmQDDOWPNaX","vid":"17740088","vt":"孙悟空看到如来手指为何不一脚跨","vr":"178"}],"pl":{"vid":"17740065","vt":"孙悟空最顾忌的神仙是谁？他的兵","io":"1","sc":"0","vus":"","hvid":"ERALvEK6qqjM1Vw0","vr":"175","ilo":"0","isv":"0","lot":"孙悟空最顾忌的神仙是谁？他的兵器也来自龙宫？"},"type":"plb_rvo"}}
{"timestamp":1609839254623,"frame":{"type":"mrkl"}}
{"timestamp":1609839259285,"frame":{"type":"uenter","rid":"5422871","uid":"230711706","nn":"拿破仑的皮皮","level":"23","ic":"avatar_v3/201810/758272ed7c53d642618874873447c628","rni":"0","el":"","sahf":"0","wgei":"0"}}
{"timestamp":1609839261123,"frame":{"type":"uenter","rid":"5422871","uid":"18725090","nn":"niuben2008","level":"22","ic":"avatar/face/201604/4d5f439d792aeaf2dc3cf73a44a31d74","rni":"0","el":"","sahf":"0","wgei":"0"}}
{"timestamp":1609839261123,"frame":{"type":"noble_num_info","sum":"0","vn":"6","rid":"5422871","list":""}}
{"timestamp":1609839271241,"frame":{"type":"noble_num_info","sum":"0","vn":"6","rid":"5422871","list":""}}
{"timestamp":1609839289972,"frame":{"type":"uenter","rid":"5422871","uid":"40802873","nn":"龙少凯瑞全场","level":"15","ic":"avanew/face/201708/25/23/6cbbc41ac47fbf6336e2607362377a95","rni":"0","el":"","sahf":"0","wgei":"0"}}
{"timestamp":1609839299690,"frame":{"type":"mrkl"}}
{"timestamp":1609839301291,"frame":{"type":"noble_num_info","sum":"0","vn":"5","rid":"5422871","list":""}}
{"timestamp":1609839328948,"frame":{"type":"loginres","userid":"0","roomgroup":"0","pg":"0","sessionid":"0","username":"","nickname":"","live_stat":"0","is_illegal":"0","ill_ct":"","ill_ts":"0","now":"0","ps":"0","es":"0","it":"0","its":"0","npv":"0","best_dlev":"0","cur_lev":"0","nrc":"4164635504","ih":"0","sid":"72281","sahf":"0","sceneid":"0","newrg":"0","regts":"0","ip":"111.60.13.123"}}
{"timestamp":1609839328948,"frame":{"type":"pingreq","tick":"1609839330606"}}
{"timestamp":1609839343098,"frame":{"type":"dgb","rid":"5422871","gfid":"20000","gs":"0","uid":"18072171","nn":"魔方直播","ic":"avatar/018/07/21/71_avatar","eid":"0","eic":"0","level":"14","dw":"0","gfcnt":"1","hits":"1","bcnt":"1","bst":"2","ct":"0","el":"","cm":"0","bnn":"","bl":"0","brid":"0","hc":"","sahf":"0","fc":"0","bnid":"1","bnl":"1","receive_uid":"211027425","receive_nn":"蜗牛看西游","from":"1","pfm":"9140","pma":"23593304","mss":"23593266"}}
{"timestamp":1609839347650,"frame":{"type":"synexp","o_exp":"507700","o_lev":"7","o_minexp":"385000","o_upexp":"52300","rid":"5422871"}}
{"timestamp":1609839356453,"frame":{"rid":"-1","sc":"1313780","sctn":"0","type":"qausrespond"}}
{"timestamp":1609839373997,"frame":{"type":"mrkl"}}
{"timestamp":1609839393582,"frame":{"add_sec_time":"0","tprize_id":"96","mprize_sname":"战舰","cavatar":["https:","apic.douyucdn.cn/upload/avatar_v3/202012/320c49fb0e18410b9a21700cdcce33ae_big.jpg"],"prize_num":"2","turn":"20210105_17_36_35","type":"lucky_wheel_star_pool","prize_sname":"火箭","percent":"0","speed":"0","frequency":"10","score":"28196200","nprize_sname":"火箭","nprize_id":"104","mprize_id":"124","mprize_num":"10","ut":"0","continue_max_time":"1800","cnn":"进房间只白嫖","cuid":"386438439","is_open":"1","level":"0","sec_time":"0","milli_time":"1609839395172","tprize_num":"1","prize_id":"104","nprize_num":"2","status":"3"}}
{"timestamp":1609839405961,"frame":{"pl":{"hvid":"2Bj8vGX633y7Obnd","vr":"176","ilo":"0","isv":"0","lot":"为何除了如来，只有谛听才能识别出真假美猴王？","vid":"17740083","vt":"为何除了如来，只有谛听才能识别","io":"1","sc":"0","vus":""},"type":"plb_rvo","vs":[{"ilo":"0","isv":"0","hvid":"yVY8Wwj2DDAMLOz9","vid":"17740054","vt":"神仙下界为何也要吃人？原来他们","vr":"174","io":"0"},{"vid":"17740065","vt":"孙悟空最顾忌的神仙是谁？他的兵","vr":"175","io":"0","ilo":"0","isv":"0","hvid":"ERALvEK6qqjM1Vw0"},{"isv":"0","hvid":"2Bj8vGX633y7Obnd","vid":"17740083","vt":"为何除了如来，只有谛听才能识别","vr":"176","io":"1","ilo":"0"},{"vr":"177","io":"0","ilo":"0","isv":"0","hvid":"brN0Mm29QQkWpyxA","vid":"17740087","vt":"妖族祖先是谁？如来不敢惹，太上"},{"io":"0","ilo":"0","isv":"0","hvid":"DrwnvzmQDDOWPNaX","vid":"17740088","vt":"孙悟空看到如来手指为何不一脚跨","vr":"178"},{"vt":"菩提祖师与如来之间还有神秘关系","vr":"179","io":"0","ilo":"0","isv":"0","hvid":"85BAvq9kPn1vG4Lm","vid":"17761745"}]}}
{"timestamp":1609839407768,"frame":{"type":"uenter","rid":"5422871","uid":"5097937","nn":"木头aa","level":"24","ic":"avanew/face/201801/07/19/c04cb8098723ad3b5d41b064a84ec3fe","rni":"0","el":"","sahf":"0","wgei":"0"}}
{"timestamp":1609839412037,"frame":{"type":"noble_num_info","sum":"0","vn":"6","rid":"5422871","list":""}}
{"timestamp":1609839419008,"frame":{"type":"mrkl"}}
{"timestamp":1609839569226,"frame":{"type":"loginres","userid":"0","roomgroup":"0","pg":"0","sessionid":"0","username":"","nickname":"","live_stat":"0","is_illegal":"0","ill_ct":"","ill_ts":"0","now":"0","ps":"0","es":"0","it":"0","its":"0","npv":"0","best_dlev":"0","cur_lev":"0","nrc":"3695163584","ih":"0","sid":"72284","sahf":"0","sceneid":"0","newrg":"0","regts":"0","ip":"111.60.13.123"}}
{"timestamp":1609839569226,"frame":{"type":"pingreq","tick":"1609839570836"}}
{"timestamp":1609839572291,"frame":{"type":"uenter","rid":"5422871","uid":"133841387","nn":"想好好饭环境","level":"5","ic":"avanew/face/201704/17/01/8bc1078f83ff88497df1ac4e534e1361","rni":"0","el":"","sahf":"0","wgei":"0"}}
{"timestamp":1609839572783,"frame":{"type":"noble_num_info","sum":"0","vn":"7","rid":"5422871","list":""}}
{"timestamp":1609839574010,"frame":{"add_sec_time":"0","tprize_id":"96","mprize_sname":"战舰","cavatar":"","prize_num":"0","turn":"20210105_17_36_35","type":"lucky_wheel_star_pool","prize_sname":"","percent":"36","speed":"0","frequency":"10","score":"36884200","nprize_sname":"火箭","nprize_id":"104","mprize_id":"124","mprize_num":"10","ut":"0","continue_max_time":"1800","cnn":"","cuid":"0","is_open":"1","level":"0","sec_time":"0","milli_time":"1609839575603","tprize_num":"1","prize_id":"0","nprize_num":"2","status":"0"}}
{"timestamp":1609839580737,"frame":{"type":"dgb","rid":"5422871","gfid":"20000","gs":"0","uid":"18072171","nn":"魔方直播","ic":"avatar/018/07/21/71_avatar","eid":"0","eic":"0","level":"14","dw":"0","gfcnt":"1","hits":"1","bcnt":"1","bst":"2","ct":"0","el":"","cm":"0","bnn":"","bl":"0","brid":"0","hc":"","sahf":"0","fc":"0","bnid":"1","bnl":"1","receive_uid":"211027425","receive_nn":"蜗牛看西游","from":"1","pfm":"5610","pma":"23240753","mss":"23240938"}}
{"timestamp":1609839582492,"frame":{"type":"synexp","o_exp":"507800","o_lev":"7","o_minexp":"385000","o_upexp":"52200","rid":"5422871"}}
{"timestamp":1609839582860,"frame":{"type":"noble_num_info","sum":"0","vn":"6","rid":"5422871","list":""}}
{"timestamp":1609839597374,"frame":{"rid":"-1","sc":"1318100","sctn":"0","type":"qausrespond"}}
{"timestamp":1609839614208,"frame":{"type":"mrkl"}}
{"timestamp":1609839633132,"frame":{"type":"noble_num_info","sum":"0","vn":"5","rid":"5422871","list":""}}
{"timestamp":1609839638465,"frame":{"type":"dgb","rid":"5422871","gfid":"20006","gs":"0","uid":"18072171","nn":"魔方直播","ic":"avatar/018/07/21/71_avatar","eid":"0","eic":"0","level":"14","dw":"0","gfcnt":"1","hits":"1","bcnt":"1","bst":"2","ct":"0","el":"","cm":"0","bnn":"","bl":"0","brid":"0","hc":"","sahf":"0","fc":"0","bnid":"1","bnl":"1","receive_uid":"211027425","receive_nn":"蜗牛看西游","from":"1","pfm":"7970","pma":"24008990","mss":"24009192"}}
{"timestamp":1609839638465,"frame":{"time":"1609839640002","type":"rtss_update","rid":"5422871","star":"0","cur1":"1","max1":"3","cur2":"1","max2":"200","cur3":"0","max3":"0"}}
{"timestamp":1609839639435,"frame":{"time":"1609839641050","type":"rtss_update","rid":"5422871","star":"0","cur1":"1","max1":"3","cur2":"1","max2":"200","cur3":"0","max3":"0"}}
{"timestamp":1609839642577,"frame":{"type":"synexp","o_exp":"507900","o_lev":"7","o_minexp":"385000","o_upexp":"52100","rid":"5422871"}}
{"timestamp":1609839642577,"frame":{"rid":"-1","sc":"1318000","sctn":"0","type":"qausrespond"}}
{"timestamp":1609839649905,"frame":{"type":"ranklist","rid":"5422871","gid":"0","list":[{"21":"","uid":"18072171","crk":"1","lrk":"32767","rs":"1","nickname":"魔方直播","gold":"900","level":"14","icon":"avatar","018":"","07":"","71_avatar":"","pg":"1","rg":"1","ne":"0","ih":"0","sahf":"0","newrg":"0"}],"list_all":[{"21":"","uid":"18072171","crk":"1","lrk":"32767","rs":"1","nickname":"魔方直播","gold":"900","level":"14","icon":"avatar","018":"","07":"","71_avatar":"","pg":"1","rg":"1","ne":"0","ih":"0","sahf":"0","newrg":"0"},{"201909":"","uid":"109869024","crk":"2","lrk":"1","rs":"-1","nickname":"水银也是水","gold":"100","level":"28","icon":"avatar_v3","b9c38c59298b4672a58985062d779bc6":"","pg":"1","rg":"1","ne":"0","ih":"0","sahf":"0","newrg":"0"}],"list_day":[{"21":"","uid":"18072171","crk":"1","lrk":"32767","rs":"1","nickname":"魔方直播","gold":"900","level":"14","icon":"avatar","018":"","07":"","71_avatar":"","pg":"1","rg":"1","ne":"0","ih":"0","sahf":"0","newrg":"0"}]}}
{"timestamp":1609839650750,"frame":{"top_act_id":"4","time":"1609839652351","tasklist":[{"total":"20000","num":"1","task_id":"54088","type":"0","cnum":"0"}],"type":"pandoraboxinfo","room":{"task_total":"100","act_id":"148","task_full":"0","task_num":"0"},"status":"1","distype":"0"}}
{"timestamp":1609839659187,"frame":{"type":"mrkl"}}
{"timestamp":1609839659821,"frame":{"pl":{"vr":"177","isv":"0","lot":"妖族祖先是谁？如来不敢惹，太上老君也要敬三分","vus":"","vt":"妖族祖先是谁？如来不敢惹，太上","vid":"17740087","io":"1","sc":"0","ilo":"0","hvid":"brN0Mm29QQkWpyxA"},"type":"plb_rvo","vs":[{"hvid":"ERALvEK6qqjM1Vw0","vid":"17740065","vt":"孙悟空最顾忌的神仙是谁？他的兵","vr":"175","io":"0","ilo":"0","isv":"0"},{"vt":"为何除了如来，只有谛听才能识别","vr":"176","io":"0","ilo":"0","isv":"0","hvid":"2Bj8vGX633y7Obnd","vid":"17740083"},{"io":"1","ilo":"0","isv":"0","hvid":"brN0Mm29QQkWpyxA","vid":"17740087","vt":"妖族祖先是谁？如来不敢惹，太上","vr":"177"},{"hvid":"DrwnvzmQDDOWPNaX","vid":"17740088","vt":"孙悟空看到如来手指为何不一脚跨","vr":"178","io":"0","ilo":"0","isv":"0"},{"isv":"0","hvid":"85BAvq9kPn1vG4Lm","vid":"17761745","vt":"菩提祖师与如来之间还有神秘关系","vr":"179","io":"0","ilo":"0"},{"vt":"如来为何把金蝉子转世之身交给金","vr":"180","io":"0","ilo":"0","isv":"0","hvid":"a2JEMJjV042MNxml","vid":"17761750"}]}}
{"timestamp":1609839663971,"frame":{"top_act_id":"4","time":"1609839665539","tasklist":[{"total":"20000","num":"1","task_id":"54088","type":"0","cnum":"0"}],"type":"pandoraboxinfo","room":{"task_total":"100","act_id":"148","task_full":"0","task_num":"0"},"status":"1","distype":"0"}}
{"timestamp":1609839683704,"frame":{"type":"uenter","rid":"5422871","uid":"2916782","nn":"返朴归真","level":"16","ic":"avatar/default/06","rni":"0","el":"","sahf":"0","wgei":"0"}}
{"timestamp":1609839704198,"frame":{"type":"mrkl"}}
{"timestamp":1609839749298,"frame":{"type":"mrkl"}}
{"timestamp":1609839774956,"frame":{"type":"loginres","userid":"0","roomgroup":"0","pg":"0","sessionid":"0","username":"","nickname":"","live_stat":"0","is_illegal":"0","ill_ct":"","ill_ts":"0","now":"0","ps":"0","es":"0","it":"0","its":"0","npv":"0","best_dlev":"0","cur_lev":"0","nrc":"2761171472","ih":"0","sid":"76525","sahf":"0","sceneid":"0","newrg":"0","regts":"0","ip":"111.60.13.123"}}
{"timestamp":1609839774956,"frame":{"type":"pingreq","tick":"1609839776534"}}
{"timestamp":1609839778256,"frame":{"rid":"-1","sc":"1318000","sctn":"0","type":"qausrespond"}}
{"timestamp":1609839778256,"frame":{"type":"uenter","rid":"5422871","uid":"213198068","nn":"陀螺越转越快","level":"30","ic":"avatar_v3/201807/61cc77de3d707a790b46eb0a2c7df98e","nl":"7","rni":"0","el":[{"eid":"1500000113","etp":"1","sc":"1","ef":"0"}],"sahf":"0","wgei":"0"}}
{"timestamp":1609839782267,"frame":{"type":"uenter","rid":"5422871","uid":"385061078","nn":"灵魂人渣2","level":"20","ic":"avatar_v3/202010/272ae94975724a49a3144793ed07881a","rni":"0","el":"","sahf":"0","wgei":"0"}}
{"timestamp":1609839783995,"frame":{"type":"noble_num_info","sum":"0","vn":"5","rid":"5422871","list":""}}
{"timestamp":1609839790174,"frame":{"type":"dgb","rid":"5422871","gfid":"20006","gs":"0","uid":"18072171","nn":"魔方直播","ic":"avatar/018/07/21/71_avatar","eid":"0","eic":"0","level":"14","dw":"0","gfcnt":"1","hits":"1","bcnt":"1","bst":"2","ct":"0","el":"","cm":"0","bnn":"","bl":"0","brid":"0","hc":"","sahf":"0","fc":"0","bnid":"1","bnl":"1","receive_uid":"211027425","receive_nn":"蜗牛看西游","from":"1","pfm":"13120","pma":"26621678","mss":"26621472"}}
{"timestamp":1609839790294,"frame":{"time":"1609839791779","type":"rtss_update","rid":"5422871","star":"0","cur1":"1","max1":"3","cur2":"2","max2":"200","cur3":"0","max3":"0"}}
{"timestamp":1609839792648,"frame":{"type":"synexp","o_exp":"508000","o_lev":"7","o_minexp":"385000","o_upexp":"52000","rid":"5422871"}}
{"timestamp":1609839800601,"frame":{"top_act_id":"4","time":"1609839802202","tasklist":[{"total":"20000","num":"2","task_id":"54088","type":"0","cnum":"0"}],"type":"pandoraboxinfo","room":{"task_total":"100","act_id":"148","task_full":"0","task_num":"0"},"status":"1","distype":"0"}}
{"timestamp":1609839808345,"frame":{"rid":"-1","sc":"1317900","sctn":"0","type":"qausrespond"}}
{"timestamp":1609839812296,"frame":{"pl":{"sc":"0","isv":"0","lot":"孙悟空看到如来手指为何不一脚跨出去？原来佛祖早设了限出不去","vt":"孙悟空看到如来手指为何不一脚跨","vid":"17740088","vr":"178","io":"1","ilo":"0","vus":"","hvid":"DrwnvzmQDDOWPNaX"},"type":"plb_rvo","vs":[{"vr":"176","io":"0","ilo":"0","isv":"0","hvid":"2Bj8vGX633y7Obnd","vid":"17740083","vt":"为何除了如来，只有谛听才能识别"},{"vr":"177","io":"0","ilo":"0","isv":"0","hvid":"brN0Mm29QQkWpyxA","vid":"17740087","vt":"妖族祖先是谁？如来不敢惹，太上"},{"isv":"0","hvid":"DrwnvzmQDDOWPNaX","vid":"17740088","vt":"孙悟空看到如来手指为何不一脚跨","vr":"178","io":"1","ilo":"0"},{"vt":"菩提祖师与如来之间还有神秘关系","vr":"179","io":"0","ilo":"0","isv":"0","hvid":"85BAvq9kPn1vG4Lm","vid":"17761745"},{"ilo":"0","isv":"0","hvid":"a2JEMJjV042MNxml","vid":"17761750","vt":"如来为何把金蝉子转世之身交给金","vr":"180","io":"0"},{"hvid":"yVY8Wwj280dMLOz9","vid":"17761754","vt":"唯一拒绝给菩提祖师当徒弟的人是","vr":"181","io":"0","ilo":"0","isv":"0"}]}}
{"timestamp":1609839813847,"frame":{"top_act_id":"4","time":"1609839815470","tasklist":[{"total":"20000","num":"2","task_id":"54088","type":"0","cnum":"0"}],"type":"pandoraboxinfo","room":{"task_total":"100","act_id":"148","task_full":"0","task_num":"0"},"status":"1","distype":"0"}}
{"timestamp":1609839819243,"frame":{"type":"dgb","rid":"5422871","gfid":"20006","gs":"0","uid":"18072171","nn":"魔方直播","ic":"avatar/018/07/21/71_avatar","eid":"0","eic":"0","level":"14","dw":"0","gfcnt":"1","hits":"1","bcnt":"1","bst":"2","ct":"0","el":"","cm":"0","bnn":"","bl":"0","brid":"0","hc":"","sahf":"0","fc":"0","bnid":"1","bnl":"1","receive_uid":"211027425","receive_nn":"蜗牛看西游","from":"1","pfm":"16740","pma":"26459019","mss":"26459046"}}
{"timestamp":1609839819244,"frame":{"time":"1609839820773","type":"rtss_update","rid":"5422871","star":"0","cur1":"1","max1":"3","cur2":"3","max2":"200","cur3":"0","max3":"0"}}
{"timestamp":1609839819964,"frame":{"type":"mrkl"}}
{"timestamp":1609839822557,"frame":{"type":"synexp","o_exp":"508100","o_lev":"7","o_minexp":"385000","o_upexp":"51900","rid":"5422871"}}
{"timestamp":1609839823918,"frame":{"type":"dgb","rid":"5422871","gfid":"20006","gs":"0","uid":"18072171","nn":"魔方直播","ic":"avatar/018/07/21/71_avatar","eid":"0","eic":"0","level":"14","dw":"0","gfcnt":"1","hits":"2","bcnt":"2","bst":"2","ct":"0","el":"","cm":"0","bnn":"","bl":"0","brid":"0","hc":"","sahf":"0","fc":"0","bnid":"1","bnl":"1","receive_uid":"211027425","receive_nn":"蜗牛看西游","from":"1","pfm":"22680","pma":"25472334","mss":"25472297"}}
{"timestamp":1609839824292,"frame":{"type":"noble_num_info","sum":"0","vn":"4","rid":"5422871","list":""}}
{"timestamp":1609839826659,"frame":{"top_act_id":"4","time":"1609839828220","tasklist":[{"total":"20000","num":"4","task_id":"54088","type":"0","cnum":"0"}],"type":"pandoraboxinfo","room":{"task_total":"100","act_id":"148","task_full":"0","task_num":"0"},"status":"1","distype":"0"}}
{"timestamp":1609839827519,"frame":{"type":"synexp","o_exp":"508200","o_lev":"7","o_minexp":"385000","o_upexp":"51800","rid":"5422871"}}
{"timestamp":1609839829331,"frame":{"time":"1609839830852","type":"rtss_update","rid":"5422871","star":"0","cur1":"1","max1":"3","cur2":"4","max2":"200","cur3":"0","max3":"0"}}
{"timestamp":1609839838353,"frame":{"rid":"-1","sc":"1317700","sctn":"0","type":"qausrespond"}}
{"timestamp":1609839839015,"frame":{"top_act_id":"4","time":"1609839840616","tasklist":[{"total":"20000","num":"4","task_id":"54088","type":"0","cnum":"0"}],"type":"pandoraboxinfo","room":{"task_total":"100","act_id":"148","task_full":"0","task_num":"0"},"status":"1","distype":"0"}}
{"timestamp":1609839854440,"frame":{"type":"noble_num_info","sum":"0","vn":"5","rid":"5422871","list":""}}
{"timestamp":1609839859037,"frame":{"type":"uenter","rid":"5422871","uid":"144658824","nn":"十五光","level":"19","ic":"avatar_v3/202001/9b54255e2c6c4601b759a8729deb217d","rni":"0","el":"","sahf":"0","wgei":"0"}}
{"timestamp":1609839863564,"frame":{"type":"uenter","rid":"5422871","uid":"177951053","nn":"Chenssie","level":"6","ic":"avatar/default/12","rni":"0","el":"","sahf":"0","wgei":"0"}}
{"timestamp":1609839864484,"frame":{"type":"noble_num_info","sum":"0","vn":"4","rid":"5422871","list":""}}
{"timestamp":1609839864965,"frame":{"type":"mrkl"}}
{"timestamp":1609839881990,"frame":{"type":"uenter","rid":"5422871","uid":"77997030","nn":"满城花雨1983","level":"3","ic":"avanew/face/201610/27/23/4839a2971563587d942ae03535ea869a","rni":"0","el":"","sahf":"0","wgei":"0"}}
{"timestamp":1609839894622,"frame":{"type":"noble_num_info","sum":"0","vn":"4","rid":"5422871","list":""}}
{"timestamp":1609839895644,"frame":{"type":"dgb","rid":"5422871","gfid":"20006","gs":"0","uid":"18072171","nn":"魔方直播","ic":"avatar/018/07/21/71_avatar","eid":"0","eic":"0","level":"14","dw":"0","gfcnt":"2","hits":"2","bcnt":"1","bst":"3","ct":"0","el":"","cm":"0","bnn":"","bl":"0","brid":"0","hc":"","sahf":"0","fc":"0","bnid":"1","bnl":"1","receive_uid":"211027425","receive_nn":"蜗牛看西游","from":"1","pfm":"21700","pma":"26947422","mss":"26947333"}}
{"timestamp":1609839895645,"frame":{"time":"1609839897116","type":"rtss_update","rid":"5422871","star":"0","cur1":"1","max1":"3","cur2":"6","max2":"200","cur3":"0","max3":"0"}}
{"timestamp":1609839897190,"frame":{"type":"uenter","rid":"5422871","uid":"264884671","nn":"老侽侽人","level":"21","ic":"avatar/default/08","rni":"0","el":"","sahf":"0","wgei":"0"}}
{"timestamp":1609839897543,"frame":{"type":"synexp","o_exp":"508400","o_lev":"7","o_minexp":"385000","o_upexp":"51600","rid":"5422871"}}
{"timestamp":1609839898651,"frame":{"rid":"-1","sc":"1317500","sctn":"0","type":"qausrespond"}}
{"timestamp":1609839902001,"frame":{"top_act_id":"4","time":"1609839903557","tasklist":[{"total":"20000","num":"6","task_id":"54088","type":"0","cnum":"0"}],"type":"pandoraboxinfo","room":{"task_total":"100","act_id":"148","task_full":"0","task_num":"0"},"status":"1","distype":"0"}}
{"timestamp":1609839909924,"frame":{"type":"mrkl"}}
{"timestamp":1609839914441,"frame":{"top_act_id":"4","time":"1609839915996","tasklist":[{"total":"20000","num":"6","task_id":"54088","type":"0","cnum":"0"}],"type":"pandoraboxinfo","room":{"task_total":"100","act_id":"148","task_full":"0","task_num":"0"},"status":"1","distype":"0"}}
{"timestamp":1609839915254,"frame":{"type":"uenter","rid":"5422871","uid":"5073144","nn":"一只住在5楼的羊","level":"3","ic":"avatar/005/07/31/44_avatar","rni":"0","el":"","sahf":"0","wgei":"0"}}
{"timestamp":1609839955111,"frame":{"type":"mrkl"}}
{"timestamp":1609839961020,"frame":{"pl":{"vus":"","hvid":"85BAvq9kPn1vG4Lm","vid":"17761745","vr":"179","io":"1","sc":"0","isv":"0","vt":"菩提祖师与如来之间还有神秘关系","ilo":"0","lot":"菩提祖师与如来之间还有神秘关系？佛祖为何从不问孙悟空师父是谁"},"type":"plb_rvo","vs":[{"io":"0","ilo":"0","isv":"0","hvid":"brN0Mm29QQkWpyxA","vid":"17740087","vt":"妖族祖先是谁？如来不敢惹，太上","vr":"177"},{"io":"0","ilo":"0","isv":"0","hvid":"DrwnvzmQDDOWPNaX","vid":"17740088","vt":"孙悟空看到如来手指为何不一脚跨","vr":"178"},{"io":"1","ilo":"0","isv":"0","hvid":"85BAvq9kPn1vG4Lm","vid":"17761745","vt":"菩提祖师与如来之间还有神秘关系","vr":"179"},{"vt":"如来为何把金蝉子转世之身交给金","vr":"180","io":"0","ilo":"0","isv":"0","hvid":"a2JEMJjV042MNxml","vid":"17761750"},{"hvid":"yVY8Wwj280dMLOz9","vid":"17761754","vt":"唯一拒绝给菩提祖师当徒弟的人是","vr":"181","io":"0","ilo":"0","isv":"0"},{"isv":"0","hvid":"X3JzMamj8glMPQro","vid":"17761755","vt":"孙悟空最怕见到的对手是谁？他还","vr":"182","io":"0","ilo":"0"}]}}
{"timestamp":1609840001478,"frame":{"type":"loginres","userid":"0","roomgroup":"0","pg":"0","sessionid":"0","username":"","nickname":"","live_stat":"0","is_illegal":"0","ill_ct":"","ill_ts":"0","now":"0","ps":"0","es":"0","it":"0","its":"0","npv":"0","best_dlev":"0","cur_lev":"0","nrc":"2935793232","ih":"0","sid":"76525","sahf":"0","sceneid":"0","newrg":"0","regts":"0","ip":"111.60.13.123"}}
{"timestamp":1609840001479,"frame":{"type":"pingreq","tick":"1609840003133"}}
{"timestamp":1609840007460,"frame":{"type":"dgb","rid":"5422871","gfid":"20006","gs":"0","uid":"18072171","nn":"魔方直播","ic":"avatar/018/07/21/71_avatar","eid":"0","eic":"0","level":"14","dw":"0","gfcnt":"1","hits":"1","bcnt":"1","bst":"2","ct":"0","el":"","cm":"0","bnn":"","bl":"0","brid":"0","hc":"","sahf":"0","fc":"0","bnid":"1","bnl":"1","receive_uid":"211027425","receive_nn":"蜗牛看西游","from":"1","pfm":"30120","pma":"18322114","mss":"18322101"}}
{"timestamp":1609840007461,"frame":{"time":"1609840009066","type":"rtss_update","rid":"5422871","star":"0","cur1":"1","max1":"3","cur2":"7","max2":"200","cur3":"0","max3":"0"}}
{"timestamp":1609840011914,"frame":{"type":"uenter","rid":"5422871","uid":"54809821","nn":"4684691180","level":"3","ic":"avatar/default/07","rni":"0","el":"","sahf":"0","wgei":"0"}}
{"timestamp":1609840012157,"frame":{"top_act_id":"4","time":"1609840013723","tasklist":[{"total":"20000","num":"7","task_id":"54088","type":"0","cnum":"0"}],"type":"pandoraboxinfo","room":{"task_total":"100","act_id":"148","task_full":"0","task_num":"0"},"status":"1","distype":"0"}}
{"timestamp":1609840012524,"frame":{"type":"synexp","o_exp":"508500","o_lev":"7","o_minexp":"385000","o_upexp":"51500","rid":"5422871"}}
{"timestamp":1609840019067,"frame":{"rid":"-1","sc":"1317400","sctn":"0","type":"qausrespond"}}
{"timestamp":1609840022742,"frame":{"type":"uenter","rid":"5422871","uid":"3844250","nn":"遗忘爱999","level":"10","ic":"avatar/003/84/42/50_avatar","rni":"0","el":"","sahf":"0","wgei":"0"}}
{"timestamp":1609840024828,"frame":{"top_act_id":"4","time":"1609840026385","tasklist":[{"total":"20000","num":"7","task_id":"54088","type":"0","cnum":"0"}],"type":"pandoraboxinfo","room":{"task_total":"100","act_id":"148","task_full":"0","task_num":"0"},"status":"1","distype":"0"}}
{"timestamp":1609840035547,"frame":{"type":"uenter","rid":"5422871","uid":"44901401","nn":"伯纳乌樂","level":"17","ic":"avatar/face/201604/16ab21cc5b683f3defac79bc6888ee22","rni":"0","el":"","sahf":"0","wgei":"0"}}
{"timestamp":1609840043175,"frame":{"type":"dgb","rid":"5422871","gfid":"20006","gs":"0","uid":"18072171","nn":"魔方直播","ic":"avatar/018/07/21/71_avatar","eid":"0","eic":"0","level":"14","dw":"0","gfcnt":"1","hits":"1","bcnt":"1","bst":"2","ct":"0","el":"","cm":"0","bnn":"","bl":"0","brid":"0","hc":"","sahf":"0","fc":"0","bnid":"1","bnl":"1","receive_uid":"211027425","receive_nn":"蜗牛看西游","from":"1","pfm":"30720","pma":"17857117","mss":"17857256"}}
{"timestamp":1609840043175,"frame":{"time":"1609840044686","type":"rtss_update","rid":"5422871","star":"0","cur1":"1","max1":"3","cur2":"8","max2":"200","cur3":"0","max3":"0"}}
{"timestamp":1609840046504,"frame":{"type":"mrkl"}}
{"timestamp":1609840047529,"frame":{"type":"synexp","o_exp":"508600","o_lev":"7","o_minexp":"385000","o_upexp":"51400","rid":"5422871"}}
{"timestamp":1609840049257,"frame":{"rid":"-1","sc":"1317300","sctn":"0","type":"qausrespond"}}
{"timestamp":1609840049625,"frame":{"top_act_id":"4","time":"1609840051143","tasklist":[{"total":"20000","num":"8","task_id":"54088","type":"0","cnum":"0"}],"type":"pandoraboxinfo","room":{"task_total":"100","act_id":"148","task_full":"0","task_num":"0"},"status":"1","distype":"0"}}
{"timestamp":1609840050356,"frame":{"type":"dgb","rid":"5422871","gfid":"20006","gs":"0","uid":"18072171","nn":"魔方直播","ic":"avatar/018/07/21/71_avatar","eid":"0","eic":"0","level":"14","dw":"0","gfcnt":"1","hits":"2","bcnt":"2","bst":"2","ct":"0","el":"","cm":"0","bnn":"","bl":"0","brid":"0","hc":"","sahf":"0","fc":"0","bnid":"1","bnl":"1","receive_uid":"211027425","receive_nn":"蜗牛看西游","from":"1","pfm":"20040","pma":"26780861","mss":"26780863"}}
{"timestamp":1609840052182,"frame":{"type":"dgb","rid":"5422871","gfid":"20006","gs":"0","uid":"18072171","nn":"魔方直播","ic":"avatar/018/07/21/71_avatar","eid":"0","eic":"0","level":"14","dw":"0","gfcnt":"1","hits":"3","bcnt":"3","bst":"2","ct":"0","el":"","cm":"0","bnn":"","bl":"0","brid":"0","hc":"","sahf":"0","fc":"0","bnid":"1","bnl":"1","receive_uid":"211027425","receive_nn":"蜗牛看西游","from":"1","pfm":"31690","pma":"17954418","mss":"17954373"}}
{"timestamp":1609840052557,"frame":{"type":"synexp","o_exp":"508800","o_lev":"7","o_minexp":"385000","o_upexp":"51200","rid":"5422871"}}
{"timestamp":1609840055490,"frame":{"type":"noble_num_info","sum":"1","vn":"6","rid":"5422871","list":[{"lev":"2","num":"1"}]}}
{"timestamp":1609840057451,"frame":{"type":"uenter","rid":"5422871","uid":"55753676","nn":"红粉终究是骷髅","level":"25","ic":"avatar/face/201606/30/0e263a5acb759630b28624b89bd32d1c","nl":"2","rni":"0","el":"","sahf":"0","wgei":"0"}}
{"timestamp":1609840057713,"frame":{"type":"dgb","rid":"5422871","gfid":"20006","gs":"0","uid":"18072171","nn":"魔方直播","ic":"avatar/018/07/21/71_avatar","eid":"0","eic":"0","level":"14","dw":"0","gfcnt":"1","hits":"4","bcnt":"4","bst":"2","ct":"0","el":"","cm":"0","bnn":"","bl":"0","brid":"0","hc":"","sahf":"0","fc":"0","bnid":"1","bnl":"1","receive_uid":"211027425","receive_nn":"蜗牛看西游","from":"1","pfm":"4540","pma":"23142091","mss":"23142056"}}
{"timestamp":1609840057713,"frame":{"time":"1609840059215","type":"rtss_update","rid":"5422871","star":"0","cur1":"1","max1":"3","cur2":"11","max2":"200","cur3":"0","max3":"0"}}
{"timestamp":1609840059342,"frame":{"time":"1609840060861","type":"rtss_update","rid":"5422871","star":"0","cur1":"1","max1":"3","cur2":"11","max2":"200","cur3":"0","max3":"0"}}
{"timestamp":1609840061903,"frame":{"top_act_id":"4","time":"1609840063488","tasklist":[{"total":"20000","num":"11","task_id":"54088","type":"0","cnum":"0"}],"type":"pandoraboxinfo","room":{"task_total":"100","act_id":"148","task_full":"0","task_num":"0"},"status":"1","distype":"0"}}
{"timestamp":1609840062623,"frame":{"type":"synexp","o_exp":"508900","o_lev":"7","o_minexp":"385000","o_upexp":"51100","rid":"5422871"}}
{"timestamp":1609840064360,"frame":{"rid":"-1","sc":"1317000","sctn":"0","type":"qausrespond"}}
{"timestamp":1609840065466,"frame":{"type":"noble_num_info","sum":"0","vn":"5","rid":"5422871","list":""}}
{"timestamp":1609840071330,"frame":{"type":"uenter","rid":"5422871","uid":"10587050","nn":"Janine丶筱新呦","level":"31","ic":"avatar/010/58/70/50_avatar","nl":"7","rni":"0","el":"","sahf":"0","wgei":"0","cbid":"45239"}}
{"timestamp":1609840074162,"frame":{"top_act_id":"4","time":"1609840075751","tasklist":[{"total":"20000","num":"11","task_id":"54088","type":"0","cnum":"0"}],"type":"pandoraboxinfo","room":{"task_total":"100","act_id":"148","task_full":"0","task_num":"0"},"status":"1","distype":"0"}}
{"timestamp":1609840075498,"frame":{"type":"noble_num_info","sum":"0","vn":"5","rid":"5422871","list":""}}
{"timestamp":1609840091501,"frame":{"type":"mrkl"}}
{"timestamp":1609840105716,"frame":{"type":"noble_num_info","sum":"0","vn":"4","rid":"5422871","list":""}}
{"timestamp":1609840115815,"frame":{"type":"noble_num_info","sum":"0","vn":"4","rid":"5422871","list":""}}
{"timestamp":1609840117158,"frame":{"pl":{"io":"1","lot":"如来为何把金蝉子转世之身交给金山寺法明和尚？他才是真正的高人","vus":"","vt":"如来为何把金蝉子转世之身交给金","vid":"17761750","vr":"180","sc":"0","ilo":"0","isv":"0","hvid":"a2JEMJjV042MNxml"},"type":"plb_rvo","vs":[{"ilo":"0","isv":"0","hvid":"DrwnvzmQDDOWPNaX","vid":"17740088","vt":"孙悟空看到如来手指为何不一脚跨","vr":"178","io":"0"},{"hvid":"85BAvq9kPn1vG4Lm","vid":"17761745","vt":"菩提祖师与如来之间还有神秘关系","vr":"179","io":"0","ilo":"0","isv":"0"},{"ilo":"0","isv":"0","hvid":"a2JEMJjV042MNxml","vid":"17761750","vt":"如来为何把金蝉子转世之身交给金","vr":"180","io":"1"},{"isv":"0","hvid":"yVY8Wwj280dMLOz9","vid":"17761754","vt":"唯一拒绝给菩提祖师当徒弟的人是","vr":"181","io":"0","ilo":"0"},{"hvid":"X3JzMamj8glMPQro","vid":"17761755","vt":"孙悟空最怕见到的对手是谁？他还","vr":"182","io":"0","ilo":"0","isv":"0"},{"vt":"唐僧并没到达灵山，见如来的是另","vr":"183","io":"0","ilo":"0","isv":"0","hvid":"aRbBv3V6QZoW6PYV","vid":"17761791"}]}}
{"timestamp":1609840117519,"frame":{"type":"uenter","rid":"5422871","uid":"47489480","nn":"优雅的豪猪","level":"17","ic":"avatar_v3/202007/940ad54c8f5b4461a693adfce4e32f6c","rni":"0","el":"","sahf":"0","wgei":"0"}}
{"timestamp":1609840131748,"frame":{"type":"ranklist","rid":"5422871","gid":"0","list":[{"21":"","uid":"18072171","crk":"1","lrk":"32767","rs":"1","nickname":"魔方直播","gold":"1900","level":"14","icon":"avatar","018":"","07":"","71_avatar":"","pg":"1","rg":"1","ne":"0","ih":"0","sahf":"0","newrg":"0"}],"list_all":[{"21":"","uid":"18072171","crk":"1","lrk":"32767","rs":"1","nickname":"魔方直播","gold":"1900","level":"14","icon":"avatar","018":"","07":"","71_avatar":"","pg":"1","rg":"1","ne":"0","ih":"0","sahf":"0","newrg":"0"},{"201909":"","uid":"109869024","crk":"2","lrk":"1","rs":"-1","nickname":"水银也是水","gold":"100","level":"28","icon":"avatar_v3","b9c38c59298b4672a58985062d779bc6":"","pg":"1","rg":"1","ne":"0","ih":"0","sahf":"0","newrg":"0"}],"list_day":[{"21":"","uid":"18072171","crk":"1","lrk":"32767","rs":"1","nickname":"魔方直播","gold":"1900","level":"14","icon":"avatar","018":"","07":"","71_avatar":"","pg":"1","rg":"1","ne":"0","ih":"0","sahf":"0","newrg":"0"}]}}
{"timestamp":1609840136516,"frame":{"type":"mrkl"}}
{"timestamp":1609840145922,"frame":{"type":"noble_num_info","sum":"0","vn":"5","rid":"5422871","list":""}}
{"timestamp":1609840149725,"frame":{"type":"uenter","rid":"5422871","uid":"210214010","nn":"你要喝果汁吗","level":"25","ic":"avatar_v3/202002/353be4bf5c244469b61f25d145c87034","rni":"0","el":"","sahf":"0","wgei":"0"}}
{"timestamp":1609840155934,"frame":{"type":"noble_num_info","sum":"0","vn":"4","rid":"5422871","list":""}}
{"timestamp":1609840173775,"frame":{"type":"uenter","rid":"5422871","uid":"25906226","nn":"AlniA","level":"16","ic":"avanew/face/201704/07/18/ffeaa5f8536a46b36f4e166e0e3f9ca5","rni":"0","el":"","sahf":"0","wgei":"0"}}
{"timestamp":1609840176077,"frame":{"type":"noble_num_info","sum":"0","vn":"4","rid":"5422871","list":""}}
{"timestamp":1609840181564,"frame":{"type":"mrkl"}}
{"timestamp":1609840184791,"frame":{"rid":"-1","sc":"1317000","sctn":"0","type":"qausrespond"}}
{"timestamp":1609840217328,"frame":{"type":"loginres","userid":"0","roomgroup":"0","pg":"0","sessionid":"0","username":"","nickname":"","live_stat":"0","is_illegal":"0","ill_ct":"","ill_ts":"0","now":"0","ps":"0","es":"0","it":"0","its":"0","npv":"0","best_dlev":"0","cur_lev":"0","nrc":"90584336","ih":"0","sid":"76524","sahf":"0","sceneid":"0","newrg":"0","regts":"0","ip":"111.60.13.123"}}
{"timestamp":1609840217329,"frame":{"type":"pingreq","tick":"1609840218910"}}
{"timestamp":1609840226636,"frame":{"type":"dgb","rid":"5422871","gfid":"20006","gs":"0","uid":"18072171","nn":"魔方直播","ic":"avatar/018/07/21/71_avatar","eid":"0","eic":"0","level":"14","dw":"0","gfcnt":"1","hits":"1","bcnt":"1","bst":"2","ct":"0","el":"","cm":"0","bnn":"","bl":"0","brid":"0","hc":"","sahf":"0","fc":"0","bnid":"1","bnl":"1","receive_uid":"211027425","receive_nn":"蜗牛看西游","from":"1","pfm":"16960","pma":"27005715","mss":"27005909"}}
{"timestamp":1609840226636,"frame":{"time":"1609840228194","type":"rtss_update","rid":"5422871","star":"0","cur1":"1","max1":"3","cur2":"12","max2":"200","cur3":"0","max3":"0"}}
{"timestamp":1609840227538,"frame":{"type":"synexp","o_exp":"509000","o_lev":"7","o_minexp":"385000","o_upexp":"51000","rid":"5422871"}}
{"timestamp":1609840230029,"frame":{"rid":"-1","sc":"1316900","sctn":"0","type":"qausrespond"}}
{"timestamp":1609840234474,"frame":{"type":"dgb","rid":"5422871","gfid":"20006","gs":"0","uid":"18072171","nn":"魔方直播","ic":"avatar/018/07/21/71_avatar","eid":"0","eic":"0","level":"14","dw":"0","gfcnt":"1","hits":"2","bcnt":"2","bst":"2","ct":"0","el":"","cm":"0","bnn":"","bl":"0","brid":"0","hc":"","sahf":"0","fc":"0","bnid":"1","bnl":"1","receive_uid":"211027425","receive_nn":"蜗牛看西游","from":"1","pfm":"2430","pma":"23447215","mss":"23447200"}}
{"timestamp":1609840236603,"frame":{"top_act_id":"4","time":"1609840238210","tasklist":[{"total":"20000","num":"13","task_id":"54088","type":"0","cnum":"0"}],"type":"pandoraboxinfo","room":{"task_total":"100","act_id":"148","task_full":"0","task_num":"0"},"status":"1","distype":"0"}}
{"timestamp":1609840236816,"frame":{"type":"dgb","rid":"5422871","gfid":"20006","gs":"0","uid":"18072171","nn":"魔方直播","ic":"avatar/018/07/21/71_avatar","eid":"0","eic":"0","level":"14","dw":"0","gfcnt":"1","hits":"3","bcnt":"3","bst":"2","ct":"0","el":"","cm":"0","bnn":"","bl":"0","brid":"0","hc":"","sahf":"0","fc":"0","bnid":"1","bnl":"1","receive_uid":"211027425","receive_nn":"蜗牛看西游","from":"1","pfm":"16050","pma":"26390747","mss":"26390656"}}
{"timestamp":1609840237639,"frame":{"type":"synexp","o_exp":"509200","o_lev":"7","o_minexp":"385000","o_upexp":"50800","rid":"5422871"}}
{"timestamp":1609840238360,"frame":{"type":"dgb","rid":"5422871","gfid":"20006","gs":"0","uid":"18072171","nn":"魔方直播","ic":"avatar/018/07/21/71_avatar","eid":"0","eic":"0","level":"14","dw":"0","gfcnt":"1","hits":"4","bcnt":"4","bst":"2","ct":"0","el":"","cm":"0","bnn":"","bl":"0","brid":"0","hc":"","sahf":"0","fc":"0","bnid":"1","bnl":"1","receive_uid":"211027425","receive_nn":"蜗牛看西游","from":"1","pfm":"7270","pma":"23931134","mss":"23930905"}}
{"timestamp":1609840238361,"frame":{"time":"1609840239915","type":"rtss_update","rid":"5422871","star":"0","cur1":"1","max1":"3","cur2":"15","max2":"200","cur3":"0","max3":"0"}}
{"timestamp":1609840239214,"frame":{"time":"1609840240796","type":"rtss_update","rid":"5422871","star":"0","cur1":"1","max1":"3","cur2":"15","max2":"200","cur3":"0","max3":"0"}}
{"timestamp":1609840239698,"frame":{"type":"dgb","rid":"5422871","gfid":"20006","gs":"0","uid":"18072171","nn":"魔方直播","ic":"avatar/018/07/21/71_avatar","eid":"0","eic":"0","level":"14","dw":"0","gfcnt":"1","hits":"5","bcnt":"5","bst":"2","ct":"0","el":"","cm":"0","bnn":"","bl":"0","brid":"0","hc":"","sahf":"0","fc":"0","bnid":"1","bnl":"1","receive_uid":"211027425","receive_nn":"蜗牛看西游","from":"1","pfm":"14720","pma":"26248842","mss":"26248863"}}
{"timestamp":1609840242588,"frame":{"type":"synexp","o_exp":"509400","o_lev":"7","o_minexp":"385000","o_upexp":"50600","rid":"5422871"}}
{"timestamp":1609840245148,"frame":{"rid":"-1","sc":"1316500","sctn":"0","type":"qausrespond"}}
{"timestamp":1609840247454,"frame":{"type":"dgb","rid":"5422871","gfid":"20006","gs":"0","uid":"18072171","bg":"1","nn":"魔方直播","ic":"avatar/018/07/21/71_avatar","eid":"0","eic":"20051","level":"14","dw":"0","gfcnt":"88","hits":"88","bcnt":"1","bst":"57","ct":"0","el":"","cm":"0","bnn":"","bl":"0","brid":"0","hc":"","sahf":"0","fc":"0","bnid":"1","bnl":"1","receive_uid":"211027425","receive_nn":"蜗牛看西游","from":"1","pfm":"26160","pma":"25304329","mss":"25304536"}}
{"timestamp":1609840247575,"frame":{"type":"synexp","o_exp":"518200","o_lev":"7","o_minexp":"385000","o_upexp":"41800","rid":"5422871"}}
{"timestamp":1609840249469,"frame":{"time":"1609840250947","type":"rtss_update","rid":"5422871","star":"0","cur1":"1","max1":"3","cur2":"104","max2":"200","cur3":"0","max3":"0"}}
{"timestamp":1609840249594,"frame":{"top_act_id":"4","time":"1609840251140","tasklist":[{"total":"20000","num":"104","task_id":"54088","type":"0","cnum":"0"}],"type":"pandoraboxinfo","room":{"task_total":"100","act_id":"148","task_full":"0","task_num":"0"},"status":"1","distype":"0"}}
{"timestamp":1609840252601,"frame":{"pl":{"vt":"唯一拒绝给菩提祖师当徒弟的人是","io":"1","isv":"0","vus":"","hvid":"yVY8Wwj280dMLOz9","vid":"17761754","vr":"181","sc":"0","ilo":"0","lot":"唯一拒绝给菩提祖师当徒弟的人是谁？原来他就是绝世高人？"},"type":"plb_rvo","vs":[{"vt":"菩提祖师与如来之间还有神秘关系","vr":"179","io":"0","ilo":"0","isv":"0","hvid":"85BAvq9kPn1vG4Lm","vid":"17761745"},{"hvid":"a2JEMJjV042MNxml","vid":"17761750","vt":"如来为何把金蝉子转世之身交给金","vr":"180","io":"0","ilo":"0","isv":"0"},{"isv":"0","hvid":"yVY8Wwj280dMLOz9","vid":"17761754","vt":"唯一拒绝给菩提祖师当徒弟的人是","vr":"181","io":"1","ilo":"0"},{"vt":"孙悟空最怕见到的对手是谁？他还","vr":"182","io":"0","ilo":"0","isv":"0","hvid":"X3JzMamj8glMPQro","vid":"17761755"},{"vid":"17761791","vt":"唐僧并没到达灵山，见如来的是另","vr":"183","io":"0","ilo":"0","isv":"0","hvid":"aRbBv3V6QZoW6PYV"},{"io":"0","ilo":"0","isv":"0","hvid":"ZB5Kv9Q60jbva93x","vid":"17761793","vt":"孙悟空是猴，猪八戒是猪，那沙僧","vr":"184"}]}}
{"timestamp":1609840260206,"frame":{"rid":"-1","sc":"1307700","sctn":"0","type":"qausrespond"}}
{"timestamp":1609840261832,"frame":{"type":"uenter","rid":"5422871","uid":"18725854","nn":"淋着雨一起走","level":"8","ic":"avatar_v3/201908/77942bd61cac40b88ccb7af599854be4","rni":"0","el":"","sahf":"0","wgei":"0"}}
{"timestamp":1609840262312,"frame":{"type":"mrkl"}}
{"timestamp":1609840262451,"frame":{"top_act_id":"4","time":"1609840263959","tasklist":[{"total":"20000","num":"104","task_id":"54088","type":"0","cnum":"0"}],"type":"pandoraboxinfo","room":{"task_total":"100","act_id":"148","task_full":"0","task_num":"0"},"status":"1","distype":"0"}}
{"timestamp":1609840263559,"frame":{"type":"dgb","rid":"5422871","gfid":"20006","gs":"0","uid":"18072171","nn":"魔方直播","ic":"avatar/018/07/21/71_avatar","eid":"0","eic":"0","level":"14","dw":"0","gfcnt":"1","hits":"1","bcnt":"1","bst":"2","ct":"0","el":"","cm":"0","bnn":"","bl":"0","brid":"0","hc":"","sahf":"0","fc":"0","bnid":"1","bnl":"1","receive_uid":"211027425","receive_nn":"蜗牛看西游","from":"1","pfm":"28930","pma":"18194541","mss":"18194496"}}
{"timestamp":1609840263559,"frame":{"time":"1609840265124","type":"rtss_update","rid":"5422871","star":"0","cur1":"1","max1":"3","cur2":"105","max2":"200","cur3":"0","max3":"0"}}
{"timestamp":1609840267629,"frame":{"type":"synexp","o_exp":"518300","o_lev":"7","o_minexp":"385000","o_upexp":"41700","rid":"5422871"}}
{"timestamp":1609840275262,"frame":{"rid":"-1","sc":"1307600","sctn":"0","type":"qausrespond"}}
{"timestamp":1609840275383,"frame":{"top_act_id":"4","time":"1609840276971","tasklist":[{"total":"20000","num":"105","task_id":"54088","type":"0","cnum":"0"}],"type":"pandoraboxinfo","room":{"task_total":"100","act_id":"148","task_full":"0","task_num":"0"},"status":"1","distype":"0"}}
{"timestamp":1609840353014,"frame":{"type":"loginres","userid":"0","roomgroup":"0","pg":"0","sessionid":"0","username":"","nickname":"","live_stat":"0","is_illegal":"0","ill_ct":"","ill_ts":"0","now":"0","ps":"0","es":"0","it":"0","its":"0","npv":"0","best_dlev":"0","cur_lev":"0","nrc":"2470169072","ih":"0","sid":"72485","sahf":"0","sceneid":"0","newrg":"0","regts":"0","ip":"111.60.13.123"}}
{"timestamp":1609840353015,"frame":{"type":"pingreq","tick":"1609840354538"}}
{"timestamp":1609840360786,"frame":{"type":"dgb","rid":"5422871","gfid":"20006","gs":"0","uid":"18072171","nn":"魔方直播","ic":"avatar/018/07/21/71_avatar","eid":"0","eic":"0","level":"14","dw":"0","gfcnt":"1","hits":"1","bcnt":"1","bst":"2","ct":"0","el":"","cm":"0","bnn":"","bl":"0","brid":"0","hc":"","sahf":"0","fc":"0","bnid":"1","bnl":"1","receive_uid":"211027425","receive_nn":"蜗牛看西游","from":"1","pfm":"14580","pma":"26234676","mss":"26234640"}}
{"timestamp":1609840360787,"frame":{"time":"1609840362313","type":"rtss_update","rid":"5422871","star":"0","cur1":"1","max1":"3","cur2":"106","max2":"200","cur3":"0","max3":"0"}}
{"timestamp":1609840362639,"frame":{"type":"synexp","o_exp":"518400","o_lev":"7","o_minexp":"385000","o_upexp":"41600","rid":"5422871"}}
{"timestamp":1609840365483,"frame":{"rid":"-1","sc":"1307500","sctn":"0","type":"qausrespond"}}
{"timestamp":1609840374358,"frame":{"type":"loginres","userid":"0","roomgroup":"0","pg":"0","sessionid":"0","username":"","nickname":"","live_stat":"0","is_illegal":"0","ill_ct":"","ill_ts":"0","now":"0","ps":"0","es":"0","it":"0","its":"0","npv":"0","best_dlev":"0","cur_lev":"0","nrc":"2712175984","ih":"0","sid":"72485","sahf":"0","sceneid":"0","newrg":"0","regts":"0","ip":"111.60.13.123"}}
{"timestamp":1609840374358,"frame":{"type":"pingreq","tick":"1609840375899"}}
{"timestamp":1609840377306,"frame":{"type":"uenter","rid":"5422871","uid":"71827550","nn":"迷百","level":"5","ic":"avatar/face/201609/26/4e4ebfcdb22b0de51f7af74b67c08e84","rni":"0","el":"","sahf":"0","wgei":"0"}}
{"timestamp":1609840378896,"frame":{"type":"dgb","rid":"5422871","gfid":"20006","gs":"0","uid":"18072171","nn":"魔方直播","ic":"avatar/018/07/21/71_avatar","eid":"0","eic":"0","level":"14","dw":"0","gfcnt":"1","hits":"1","bcnt":"1","bst":"2","ct":"0","el":"","cm":"0","bnn":"","bl":"0","brid":"0","hc":"","sahf":"0","fc":"0","bnid":"1","bnl":"1","receive_uid":"211027425","receive_nn":"蜗牛看西游","from":"1","pfm":"20330","pma":"26817951","mss":"26817600"}}
{"timestamp":1609840378896,"frame":{"time":"1609840380481","type":"rtss_update","rid":"5422871","star":"0","cur1":"1","max1":"3","cur2":"107","max2":"200","cur3":"0","max3":"0"}}
{"timestamp":1609840379773,"frame":{"top_act_id":"4","time":"1609840381338","tasklist":[{"total":"20000","num":"107","task_id":"54088","type":"0","cnum":"0"}],"type":"pandoraboxinfo","room":{"task_total":"100","act_id":"148","task_full":"0","task_num":"0"},"status":"1","distype":"0"}}
{"timestamp":1609840380636,"frame":{"rid":"-1","sc":"1307400","sctn":"0","type":"qausrespond"}}
{"timestamp":1609840380998,"frame":{"type":"dgb","rid":"5422871","gfid":"20006","gs":"0","uid":"18072171","nn":"魔方直播","ic":"avatar/018/07/21/71_avatar","eid":"0","eic":"0","level":"14","dw":"0","gfcnt":"1","hits":"2","bcnt":"2","bst":"2","ct":"0","el":"","cm":"0","bnn":"","bl":"0","brid":"0","hc":"","sahf":"0","fc":"0","bnid":"1","bnl":"1","receive_uid":"211027425","receive_nn":"蜗牛看西游","from":"1","pfm":"10710","pma":"23750861","mss":"23750861"}}
{"timestamp":1609840380998,"frame":{"time":"1609840382563","type":"rtss_update","rid":"5422871","star":"0","cur1":"1","max1":"3","cur2":"108","max2":"200","cur3":"0","max3":"0"}}
{"timestamp":1609840382604,"frame":{"type":"synexp","o_exp":"518600","o_lev":"7","o_minexp":"385000","o_upexp":"41400","rid":"5422871"}}
{"timestamp":1609840387279,"frame":{"type":"noble_num_info","sum":"1","vn":"5","rid":"5422871","list":[{"lev":"7","num":"1"}]}}
{"timestamp":1609840388133,"frame":{"type":"dgb","rid":"5422871","gfid":"20006","gs":"0","uid":"18072171","nn":"魔方直播","ic":"avatar/018/07/21/71_avatar","eid":"0","eic":"0","level":"14","dw":"0","gfcnt":"1","hits":"3","bcnt":"3","bst":"2","ct":"0","el":"","cm":"0","bnn":"","bl":"0","brid":"0","hc":"","sahf":"0","fc":"0","bnid":"1","bnl":"1","receive_uid":"211027425","receive_nn":"蜗牛看西游","from":"1","pfm":"28300","pma":"18131489","mss":"18131658"}}
{"timestamp":1609840388745,"frame":{"type":"uenter","rid":"5422871","uid":"346556295","nn":"礼物感谢场控小l鱼豆","level":"11","ic":"avatar/default/12","nl":"7","rni":"0","el":"","sahf":"0","wgei":"0"}}
{"timestamp":1609840389246,"frame":{"time":"1609840390792","type":"rtss_update","rid":"5422871","star":"0","cur1":"1","max1":"3","cur2":"109","max2":"200","cur3":"0","max3":"0"}}
{"timestamp":1609840390484,"frame":{"type":"dgb","rid":"5422871","gfid":"20006","gs":"0","uid":"18072171","nn":"魔方直播","ic":"avatar/018/07/21/71_avatar","eid":"0","eic":"0","level":"14","dw":"0","gfcnt":"1","hits":"4","bcnt":"4","bst":"2","ct":"0","el":"","cm":"0","bnn":"","bl":"0","brid":"0","hc":"","sahf":"0","fc":"0","bnid":"1","bnl":"1","receive_uid":"211027425","receive_nn":"蜗牛看西游","from":"1","pfm":"19730","pma":"26749453","mss":"26749664"}}
{"timestamp":1609840392582,"frame":{"type":"synexp","o_exp":"518800","o_lev":"7","o_minexp":"385000","o_upexp":"41200","rid":"5422871"}}
{"timestamp":1609840392945,"frame":{"top_act_id":"4","time":"1609840394513","tasklist":[{"total":"20000","num":"110","task_id":"54088","type":"0","cnum":"0"}],"type":"pandoraboxinfo","room":{"task_total":"100","act_id":"148","task_full":"0","task_num":"0"},"status":"1","distype":"0"}}
{"timestamp":1609840395667,"frame":{"rid":"-1","sc":"1307100","sctn":"0","type":"qausrespond"}}
{"timestamp":1609840397379,"frame":{"type":"noble_num_info","sum":"0","vn":"4","rid":"5422871","list":""}}
{"timestamp":1609840399400,"frame":{"time":"1609840400968","type":"rtss_update","rid":"5422871","star":"0","cur1":"1","max1":"3","cur2":"110","max2":"200","cur3":"0","max3":"0"}}
{"timestamp":1609840399650,"frame":{"type":"dgb","rid":"5422871","gfid":"20006","gs":"0","uid":"18072171","nn":"魔方直播","ic":"avatar/018/07/21/71_avatar","eid":"0","eic":"0","level":"14","dw":"0","gfcnt":"1","hits":"5","bcnt":"5","bst":"2","ct":"0","el":"","cm":"0","bnn":"","bl":"0","brid":"0","hc":"","sahf":"0","fc":"0","bnid":"1","bnl":"1","receive_uid":"211027425","receive_nn":"蜗牛看西游","from":"1","pfm":"1100","pma":"24895228","mss":"24895220"}}
{"timestamp":1609840402593,"frame":{"type":"synexp","o_exp":"518900","o_lev":"7","o_minexp":"385000","o_upexp":"41100","rid":"5422871"}}
{"timestamp":1609840405828,"frame":{"top_act_id":"4","time":"1609840407372","tasklist":[{"total":"20000","num":"111","task_id":"54088","type":"0","cnum":"0"}],"type":"pandoraboxinfo","room":{"task_total":"100","act_id":"148","task_full":"0","task_num":"0"},"status":"1","distype":"0"}}
{"timestamp":1609840406189,"frame":{"type":"dgb","rid":"5422871","gfid":"20006","gs":"0","uid":"18072171","nn":"魔方直播","ic":"avatar/018/07/21/71_avatar","eid":"0","eic":"0","level":"14","dw":"0","gfcnt":"1","hits":"6","bcnt":"6","bst":"2","ct":"0","el":"","cm":"0","bnn":"","bl":"0","brid":"0","hc":"","sahf":"0","fc":"0","bnid":"1","bnl":"1","receive_uid":"211027425","receive_nn":"蜗牛看西游","from":"1","pfm":"2390","pma":"23451713","mss":"23451763"}}
{"timestamp":1609840406335,"frame":{"type":"uenter","rid":"5422871","uid":"29900386","nn":"寂寞的点点点","level":"17","ic":"avanew/face/201806/51b8b76f3a5881ddbb3144c97e2a4944","rni":"0","el":"","sahf":"0","wgei":"0"}}
{"timestamp":1609840407360,"frame":{"type":"noble_num_info","sum":"0","vn":"6","rid":"5422871","list":""}}
{"timestamp":1609840407615,"frame":{"type":"synexp","o_exp":"519000","o_lev":"7","o_minexp":"385000","o_upexp":"41000","rid":"5422871"}}
{"timestamp":1609840409719,"frame":{"time":"1609840411334","type":"rtss_update","rid":"5422871","star":"0","cur1":"1","max1":"3","cur2":"112","max2":"200","cur3":"0","max3":"0"}}
{"timestamp":1609840409839,"frame":{"type":"uenter","rid":"5422871","uid":"64720223","nn":"小金鱼的回忆","level":"13","ic":"avatar/face/201608/20/2ab30a7269ce5d78c616f55dd508eb6c","rni":"0","el":"","sahf":"0","wgei":"0"}}
{"timestamp":1609840410755,"frame":{"rid":"-1","sc":"1306900","sctn":"0","type":"qausrespond"}}
{"timestamp":1609840411003,"frame":{"type":"uenter","rid":"5422871","uid":"45492098","nn":"帅大旭求中奖","level":"6","ic":"avatar/default/05","rni":"0","el":"","sahf":"0","wgei":"0"}}
{"timestamp":1609840417410,"frame":{"type":"noble_num_info","sum":"0","vn":"5","rid":"5422871","list":""}}
{"timestamp":1609840418507,"frame":{"top_act_id":"4","time":"1609840420032","tasklist":[{"total":"20000","num":"112","task_id":"54088","type":"0","cnum":"0"}],"type":"pandoraboxinfo","room":{"task_total":"100","act_id":"148","task_full":"0","task_num":"0"},"status":"1","distype":"0"}}
{"timestamp":1609840419377,"frame":{"type":"mrkl"}}
{"timestamp":1609840421871,"frame":{"type":"dgb","rid":"5422871","gfid":"20006","gs":"0","uid":"18072171","nn":"魔方直播","ic":"avatar/018/07/21/71_avatar","eid":"0","eic":"0","level":"14","dw":"0","gfcnt":"1","hits":"1","bcnt":"1","bst":"2","ct":"0","el":"","cm":"0","bnn":"","bl":"0","brid":"0","hc":"","sahf":"0","fc":"0","bnid":"1","bnl":"1","receive_uid":"211027425","receive_nn":"蜗牛看西游","from":"1","pfm":"9350","pma":"23623150","mss":"23623104"}}
{"timestamp":1609840421871,"frame":{"time":"1609840423417","type":"rtss_update","rid":"5422871","star":"0","cur1":"1","max1":"3","cur2":"113","max2":"200","cur3":"0","max3":"0"}}
{"timestamp":1609840422604,"frame":{"type":"synexp","o_exp":"519100","o_lev":"7","o_minexp":"385000","o_upexp":"40900","rid":"5422871"}}
{"timestamp":1609840425748,"frame":{"rid":"-1","sc":"1306800","sctn":"0","type":"qausrespond"}}
{"timestamp":1609840431166,"frame":{"top_act_id":"4","time":"1609840432764","tasklist":[{"total":"20000","num":"113","task_id":"54088","type":"0","cnum":"0"}],"type":"pandoraboxinfo","room":{"task_total":"100","act_id":"148","task_full":"0","task_num":"0"},"status":"1","distype":"0"}}
{"timestamp":1609840440329,"frame":{"pl":{"hvid":"X3JzMamj8glMPQro","io":"1","isv":"0","vus":"","vid":"17761755","vt":"孙悟空最怕见到的对手是谁？他还","vr":"182","sc":"0","ilo":"0","lot":"孙悟空最怕见到的对手是谁？他还让八戒去帮忙说和结为兄弟"},"type":"plb_rvo","vs":[{"isv":"0","hvid":"a2JEMJjV042MNxml","vid":"17761750","vt":"如来为何把金蝉子转世之身交给金","vr":"180","io":"0","ilo":"0"},{"io":"0","ilo":"0","isv":"0","hvid":"yVY8Wwj280dMLOz9","vid":"17761754","vt":"唯一拒绝给菩提祖师当徒弟的人是","vr":"181"},{"vr":"182","io":"1","ilo":"0","isv":"0","hvid":"X3JzMamj8glMPQro","vid":"17761755","vt":"孙悟空最怕见到的对手是谁？他还"},{"hvid":"aRbBv3V6QZoW6PYV","vid":"17761791","vt":"唐僧并没到达灵山，见如来的是另","vr":"183","io":"0","ilo":"0","isv":"0"},{"vr":"184","io":"0","ilo":"0","isv":"0","hvid":"ZB5Kv9Q60jbva93x","vid":"17761793","vt":"孙悟空是猴，猪八戒是猪，那沙僧"},{"vid":"17761811","vt":"孙悟空提什么要求如来和观音马上","vr":"185","io":"0","ilo":"0","isv":"0","hvid":"X3JzMamj8zAMPQro"}]}}
{"timestamp":1609840460697,"frame":{"type":"anbc","rid":"0","gid":"0","bt":"1","uid":"15702562","hrp":"1","unk":"痞子哥哥呀","uic":"avatar_v3/201811/4893b12063a2bf170b93f3a15a85f193","drid":"546253","donk":"伊人解说","nl":"3","ts":"1609840462","fov":"1"}}
{"timestamp":1609840464259,"frame":{"type":"mrkl"}}
{"timestamp":1609840483703,"frame":{"type":"uenter","rid":"5422871","uid":"65453100","nn":"有效代码","level":"6","ic":"avatar/face/201608/24/4f8fd838dd95ccee42aceac1c18f49f9","rni":"0","el":"","sahf":"0","wgei":"0"}}
{"timestamp":1609840509333,"frame":{"type":"mrkl"}}
{"timestamp":1609840517998,"frame":{"type":"noble_num_info","sum":"0","vn":"4","rid":"5422871","list":""}}
{"timestamp":1609840523372,"frame":{"type":"uenter","rid":"5422871","uid":"48006534","nn":"爱很简单吖","level":"28","ic":"avatar_v3/201908/6ff57dd8d7f94f5a98c5544017d75fee","rni":"0","el":"","sahf":"0","wgei":"0"}}
{"timestamp":1609840525319,"frame":{"type":"uenter","rid":"5422871","uid":"192596317","nn":"你宇哇1","level":"3","ic":"avanew/face/201803/03/21/b81607d5d2cc91851871a10999323914","rni":"0","el":"","sahf":"0","wgei":"0"}}
{"timestamp":1609840528041,"frame":{"type":"noble_num_info","sum":"0","vn":"4","rid":"5422871","list":""}}
{"timestamp":1609840554340,"frame":{"type":"mrkl"}}
{"timestamp":1609840561385,"frame":{"rid":"-1","sc":"1306800","sctn":"0","type":"qausrespond"}}
{"timestamp":1609840572694,"frame":{"type":"uenter","rid":"5422871","uid":"72125965","nn":"希世简单先森","level":"3","ic":"avanew/face/201609/28/12/03c7ecf3d3fbf92fc9765e7ad3fd7c4d","rni":"0","el":"","sahf":"0","wgei":"0"}}
{"timestamp":1609840584238,"frame":{"type":"uenter","rid":"5422871","uid":"20934310","nn":"玩坏的橙子","level":"11","ic":"avatar/020/93/43/10_avatar","rni":"0","el":"","sahf":"0","wgei":"0"}}
{"timestamp":1609840587690,"frame":{"pl":{"vid":"17761791","lot":"唐僧并没到达灵山，见如来的是另一个人？他在哪一步走错了？","vus":"","io":"1","sc":"0","ilo":"0","isv":"0","hvid":"aRbBv3V6QZoW6PYV","vt":"唐僧并没到达灵山，见如来的是另","vr":"183"},"type":"plb_rvo","vs":[{"isv":"0","hvid":"yVY8Wwj280dMLOz9","vid":"17761754","vt":"唯一拒绝给菩提祖师当徒弟的人是","vr":"181","io":"0","ilo":"0"},{"isv":"0","hvid":"X3JzMamj8glMPQro","vid":"17761755","vt":"孙悟空最怕见到的对手是谁？他还","vr":"182","io":"0","ilo":"0"},{"io":"1","ilo":"0","isv":"0","hvid":"aRbBv3V6QZoW6PYV","vid":"17761791","vt":"唐僧并没到达灵山，见如来的是另","vr":"183"},{"hvid":"ZB5Kv9Q60jbva93x","vid":"17761793","vt":"孙悟空是猴，猪八戒是猪，那沙僧","vr":"184","io":"0","ilo":"0","isv":"0"},{"vt":"孙悟空提什么要求如来和观音马上","vr":"185","io":"0","ilo":"0","isv":"0","hvid":"X3JzMamj8zAMPQro","vid":"17761811"},{"vt":"真正的生死簿并没放在地府？难怪","vr":"186","io":"0","ilo":"0","isv":"0","hvid":"GnzXvbw0Eqn7462l","vid":"17761816"}]}}
{"timestamp":1609840599362,"frame":{"type":"mrkl"}}
{"timestamp":1609840613538,"frame":{"type":"ranklist","rid":"5422871","gid":"0","list":[{"21":"","uid":"18072171","crk":"1","lrk":"32767","rs":"1","nickname":"魔方直播","gold":"12100","level":"14","icon":"avatar","018":"","07":"","71_avatar":"","pg":"1","rg":"1","ne":"0","ih":"0","sahf":"0","newrg":"0"}],"list_all":[{"21":"","uid":"18072171","crk":"1","lrk":"32767","rs":"1","nickname":"魔方直播","gold":"12100","level":"14","icon":"avatar","018":"","07":"","71_avatar":"","pg":"1","rg":"1","ne":"0","ih":"0","sahf":"0","newrg":"0"},{"201909":"","uid":"109869024","crk":"2","lrk":"1","rs":"-1","nickname":"水银也是水","gold":"100","level":"28","icon":"avatar_v3","b9c38c59298b4672a58985062d779bc6":"","pg":"1","rg":"1","ne":"0","ih":"0","sahf":"0","newrg":"0"}],"list_day":[{"21":"","uid":"18072171","crk":"1","lrk":"32767","rs":"1","nickname":"魔方直播","gold":"12100","level":"14","icon":"avatar","018":"","07":"","71_avatar":"","pg":"1","rg":"1","ne":"0","ih":"0","sahf":"0","newrg":"0"}]}}
{"timestamp":1609840625648,"frame":{"type":"chatmsg","rid":"5422871","uid":"18072171","nn":"魔方直播","txt":"的说法是","cid":"c47f17f5473e43c09d972b0100000000","ic":"avatar/018/07/21/71_avatar","level":"14","sahf":"0","cst":"1609840625558","bnn":"","bl":"0","brid":"0","hc":"","el":"","lk":"","urlev":"1","dms":"3","pdg":"33","pdk":"8","ext":""}}
{"timestamp":1609840628589,"frame":{"type":"noble_num_info","sum":"0","vn":"4","rid":"5422871","list":""}}
{"timestamp":1609840629213,"frame":{"type":"uenter","rid":"5422871","uid":"122096288","nn":"纪羽昔","level":"3","ic":"avanew/face/201703/16/16/8ec5563a4f14374c57fbca194e5419e0","rni":"0","el":"","sahf":"0","wgei":"0"}}
{"timestamp":1609840635759,"frame":{"type":"chatmsg","rid":"5422871","uid":"18072171","nn":"魔方直播","txt":"大师傅似的","cid":"e94f3f2d691543b5be962b0100000000","ic":"avatar/018/07/21/71_avatar","level":"14","sahf":"0","cst":"1609840635583","bnn":"","bl":"0","brid":"0","hc":"","el":"","lk":"","urlev":"1","dms":"5","pdg":"31","pdk":"76","ext":""}}
{"timestamp":1609840644061,"frame":{"type":"uenter","rid":"5422871","uid":"35671817","nn":"573637091","level":"7","ic":"avatar/035/67/18/17_avatar","rni":"0","el":"","sahf":"0","wgei":"0"}}
{"timestamp":1609840644309,"frame":{"type":"mrkl"}}
{"timestamp":1609840654445,"frame":{"type":"uenter","rid":"5422871","uid":"92428378","nn":"爱玩佐伊的Jmu","level":"14","ic":"avanew/face/201612/09/05/5a976529ab592bf9178ea713aae9dcb2","rni":"0","el":"","sahf":"0","wgei":"0"}}
{"timestamp":1609840657499,"frame":{"add_sec_time":"0","tprize_id":"96","mprize_sname":"战舰","cavatar":"","prize_num":"2","turn":"20210105_17_36_35","type":"lucky_wheel_star_pool","prize_sname":"火箭","percent":"0","speed":"0","frequency":"10","score":"100040200","nprize_sname":"火箭","nprize_id":"106","mprize_id":"124","mprize_num":"10","ut":"1","continue_max_time":"1800","cnn":"","cuid":"0","is_open":"1","level":"1","sec_time":"600","milli_time":"1609840659003","tprize_num":"1","prize_id":"104","nprize_num":"4","status":"1"}}
{"timestamp":1609840658714,"frame":{"type":"uenter","rid":"5422871","uid":"294643059","nn":"熄心768","level":"12","ic":"avatar_v3/201905/92e38a352b9d4864ae8a9b0fcd98e919","rni":"0","el":"","sahf":"0","wgei":"0"}}
{"timestamp":1609840658833,"frame":{"type":"noble_num_info","sum":"0","vn":"6","rid":"5422871","list":""}}
{"timestamp":1609840665764,"frame":{"type":"uenter","rid":"5422871","uid":"24413580","nn":"406992126","level":"5","ic":"avatar/024/41/35/80_avatar","rni":"0","el":"","sahf":"0","wgei":"0"}}
{"timestamp":1609840681875,"frame":{"rid":"-1","sc":"1306800","sctn":"0","type":"qausrespond"}}
{"timestamp":1609840689291,"frame":{"type":"mrkl"}}
{"timestamp":1609840727466,"frame":{"type":"uenter","rid":"5422871","uid":"4094942","nn":"一杯芝麻豆子茶","level":"26","ic":"avatar_v3/202002/e909944763064662bc1deec7a1fd64cd","rni":"0","el":[{"eid":"1500000113","etp":"1","sc":"1","ef":"0"}],"sahf":"0","wgei":"0"}}
{"timestamp":1609840729189,"frame":{"type":"noble_num_info","sum":"0","vn":"7","rid":"5422871","list":""}}
{"timestamp":1609840734369,"frame":{"type":"mrkl"}}
{"timestamp":1609840743868,"frame":{"pl":{"hvid":"ZB5Kv9Q60jbva93x","vid":"17761793","vr":"184","io":"1","vus":"","vt":"孙悟空是猴，猪八戒是猪，那沙僧","sc":"0","ilo":"0","isv":"0","lot":"孙悟空是猴，猪八戒是猪，那沙僧是什么动物成精？"},"type":"plb_rvo","vs":[{"isv":"0","hvid":"X3JzMamj8glMPQro","vid":"17761755","vt":"孙悟空最怕见到的对手是谁？他还","vr":"182","io":"0","ilo":"0"},{"vt":"唐僧并没到达灵山，见如来的是另","vr":"183","io":"0","ilo":"0","isv":"0","hvid":"aRbBv3V6QZoW6PYV","vid":"17761791"},{"vt":"孙悟空是猴，猪八戒是猪，那沙僧","vr":"184","io":"1","ilo":"0","isv":"0","hvid":"ZB5Kv9Q60jbva93x","vid":"17761793"},{"isv":"0","hvid":"X3JzMamj8zAMPQro","vid":"17761811","vt":"孙悟空提什么要求如来和观音马上","vr":"185","io":"0","ilo":"0"},{"hvid":"GnzXvbw0Eqn7462l","vid":"17761816","vt":"真正的生死簿并没放在地府？难怪","vr":"186","io":"0","ilo":"0","isv":"0"},{"vid":"17761831","vt":"六耳猕猴的兵器叫什么名字，他死","vr":"187","io":"0","ilo":"0","isv":"0","hvid":"a4Jj7l3OkaqvDk01"}]}}
{"timestamp":1609840779364,"frame":{"type":"mrkl"}}
{"timestamp":1609840817348,"frame":{"rid":"-1","sc":"1306800","sctn":"0","type":"qausrespond"}}
{"timestamp":1609840823014,"frame":{"type":"uenter","rid":"5422871","uid":"3850289","nn":"135799a","level":"5","ic":"avatar/default/02","rni":"0","el":"","sahf":"0","wgei":"0"}}
{"timestamp":1609840824778,"frame":{"type":"mrkl"}}
{"timestamp":1609840852978,"frame":{"type":"uenter","rid":"5422871","uid":"177951053","nn":"Chenssie","level":"6","ic":"avatar/default/12","rni":"0","el":"","sahf":"0","wgei":"0"}}
{"timestamp":1609840854745,"frame":{"type":"uenter","rid":"5422871","uid":"49533301","nn":"琴瑟笙簧","level":"16","ic":"avatar/face/201608/31/41312fa2cedae553ebd2f996eb791d16","rni":"0","el":"","sahf":"0","wgei":"0"}}
{"timestamp":1609840869293,"frame":{"type":"mrkl"}}
{"timestamp":1609840880045,"frame":{"type":"noble_num_info","sum":"0","vn":"8","rid":"5422871","list":""}}
{"timestamp":1609840882518,"frame":{"type":"uenter","rid":"5422871","uid":"207492963","nn":"翠玉录71574","level":"4","ic":"avanew/face/201806/qv87yspn8ccibwct39hvdkxghprr6qqq","rni":"0","el":"","sahf":"0","wgei":"0"}}
{"timestamp":1609840884631,"frame":{"type":"uenter","rid":"5422871","uid":"58056166","nn":"不要以为1111","level":"11","ic":"avatar/face/201607/13/10f4c93496e1a299a6999d453f3b730d","rni":"0","el":"","sahf":"0","wgei":"0"}}
